2026-03-20T04:18:02Z [sdc.sh] session-start
2026-03-20T04:18:03Z [sdc.sh] launching-lead retry=1
2026-03-20T04:18:23Z [lead] run-start specs=3
2026-03-20T04:20:48Z [lead] task-created issue=#6 title="Database schema: priority, due_date, tags, projects"
2026-03-20T04:20:48Z [lead] task-created issue=#7 title="Priority and due_date API endpoints"
2026-03-20T04:20:48Z [lead] task-created issue=#8 title="Tags API endpoints"
2026-03-20T04:20:48Z [lead] task-created issue=#9 title="Projects API endpoints"
2026-03-20T04:20:48Z [lead] task-created issue=#10 title="Health endpoint"
2026-03-20T04:20:48Z [lead] task-created issue=#11 title="Tests for v2 features"
2026-03-20T04:21:28Z [teammate] task-started issue=#6 branch=sdc/database-schema
2026-03-20T04:22:23Z [teammate] task-done issue=#6 handoff-posted
2026-03-20T04:22:53Z [lead] handoff-received issue=#6 summary="Database schema v2 complete"
2026-03-20T04:22:53Z [lead] judge-verdict issue=#6 result=approved
2026-03-20T04:23:07Z [lead] merge issue=#6 branch=sdc/database-schema conflicts=0
2026-03-20T04:26:56Z [lead] handoff-received issue=#7 summary="Priority and due_date API"
2026-03-20T04:26:56Z [lead] judge-verdict issue=#7 result=approved
2026-03-20T04:26:56Z [lead] handoff-received issue=#8 summary="Tags API endpoints"
2026-03-20T04:26:56Z [lead] judge-verdict issue=#8 result=approved
2026-03-20T04:26:56Z [lead] handoff-received issue=#9 summary="Projects API endpoints"
2026-03-20T04:26:56Z [lead] judge-verdict issue=#9 result=approved
2026-03-20T04:26:56Z [lead] handoff-received issue=#10 summary="Health endpoint"
2026-03-20T04:26:56Z [lead] judge-verdict issue=#10 result=approved
2026-03-20T04:27:05Z [lead] merge issue=#7 branch=sdc/priority-api conflicts=0
2026-03-20T04:27:13Z [lead] merge issue=#10 branch=sdc/health-api conflicts=0
2026-03-20T04:27:53Z [lead] merge issue=#8 branch=sdc/tags-api conflicts=2
